c:\users\ademkose\desktop\rectangular gradıent\rectangular gradıent\rectangular gradıent\debug\rectangular gradıent.pch
c:\users\ademkose\desktop\rectangular gradıent\rectangular gradıent\rectangular gradıent\debug\vc120.pdb
c:\users\ademkose\desktop\rectangular gradıent\rectangular gradıent\rectangular gradıent\debug\stdafx.obj
c:\users\ademkose\desktop\rectangular gradıent\rectangular gradıent\rectangular gradıent\debug\rectangular gradıent.obj
c:\users\ademkose\desktop\rectangular gradıent\rectangular gradıent\rectangular gradıent\debug\assemblyınfo.obj
c:\users\ademkose\desktop\rectangular gradıent\rectangular gradıent\rectangular gradıent\debug\.netframework,versıon=v4.0.assemblyattrıbutes.obj
c:\users\ademkose\desktop\rectangular gradıent\rectangular gradıent\debug\rectangular gradıent.exe
c:\users\ademkose\desktop\rectangular gradıent\rectangular gradıent\debug\rectangular gradıent.pdb
c:\users\ademkose\desktop\rectangular gradıent\rectangular gradıent\rectangular gradıent\debug\rectangu.6988a645.tlog\metagen.wrıte.1.tlog
c:\users\ademkose\desktop\rectangular gradıent\rectangular gradıent\rectangular gradıent\debug\app.res
c:\users\ademkose\desktop\rectangular gradient\rectangular gradient\rectangular gradient\debug\rectangulargradient.form1.resources
c:\users\ademkose\desktop\rectangular gradient\rectangular gradient\rectangular gradient\debug\rectangular gradient.vcxproj.generateresource.cache
c:\users\ademkose\desktop\rectangular gradient\rectangular gradient\rectangular gradient\debug\rectangular gradient.vcxprojresolveassemblyreference.cache
c:\users\ademkose\desktop\rectangular gradient\rectangular gradient\rectangular gradient\debug\.netframework,version=v4.0.assemblyattributes.obj
c:\users\ademkose\desktop\rectangular gradient\rectangular gradient\rectangular gradient\debug\assemblyınfo.obj
c:\users\ademkose\desktop\rectangular gradient\rectangular gradient\rectangular gradient\debug\rectangular gradient.obj
c:\users\ademkose\desktop\rectangular gradient\rectangular gradient\rectangular gradient\debug\stdafx.obj
c:\users\ademkose\desktop\rectangular gradient\rectangular gradient\rectangular gradient\debug\app.res
c:\users\ademkose\desktop\rectangular gradient\rectangular gradient\rectangular gradient\debug\rectangular gradient.pch
c:\users\ademkose\desktop\rectangular gradient\rectangular gradient\rectangular gradient\debug\vc120.pdb
c:\users\ademkose\desktop\rectangular gradient\rectangular gradient\debug\rectangular gradient.pdb
c:\users\ademkose\desktop\rectangular gradient\rectangular gradient\debug\rectangular gradient.exe
c:\users\ademkose\desktop\rectangular gradient\rectangular gradient\rectangular gradient\debug\rectangu.6988a645.tlog\cl.command.1.tlog
c:\users\ademkose\desktop\rectangular gradient\rectangular gradient\rectangular gradient\debug\rectangu.6988a645.tlog\cl.read.1.tlog
c:\users\ademkose\desktop\rectangular gradient\rectangular gradient\rectangular gradient\debug\rectangu.6988a645.tlog\cl.write.1.tlog
c:\users\ademkose\desktop\rectangular gradient\rectangular gradient\rectangular gradient\debug\rectangu.6988a645.tlog\link.command.1.tlog
c:\users\ademkose\desktop\rectangular gradient\rectangular gradient\rectangular gradient\debug\rectangu.6988a645.tlog\link.read.1.tlog
c:\users\ademkose\desktop\rectangular gradient\rectangular gradient\rectangular gradient\debug\rectangu.6988a645.tlog\link.write.1.tlog
c:\users\ademkose\desktop\rectangular gradient\rectangular gradient\rectangular gradient\debug\rectangu.6988a645.tlog\metagen.read.1.tlog
c:\users\ademkose\desktop\rectangular gradient\rectangular gradient\rectangular gradient\debug\rectangu.6988a645.tlog\metagen.write.1.tlog
c:\users\ademkose\desktop\rectangular gradient\rectangular gradient\rectangular gradient\debug\rectangu.6988a645.tlog\rc.command.1.tlog
c:\users\ademkose\desktop\rectangular gradient\rectangular gradient\rectangular gradient\debug\rectangu.6988a645.tlog\rc.read.1.tlog
c:\users\ademkose\desktop\rectangular gradient\rectangular gradient\rectangular gradient\debug\rectangu.6988a645.tlog\rc.write.1.tlog
c:\users\ademkose\desktop\rectangular gradient\rectangular gradient\rectangular gradient\debug\rectangu.6988a645.tlog\rectangular gradient.write.1u.tlog
c:\users\ademkose\desktop\rectangular gradient\rectangular gradient\rectangular gradient\debug\rectangu.6988a645.tlog\mscorlıb.dll.metagen
c:\users\ademkose\desktop\rectangular gradient\rectangular gradient\rectangular gradient\debug\rectangu.6988a645.tlog\system.data.dll.metagen
c:\users\ademkose\desktop\rectangular gradient\rectangular gradient\rectangular gradient\debug\rectangu.6988a645.tlog\system.dll.metagen
c:\users\ademkose\desktop\rectangular gradient\rectangular gradient\rectangular gradient\debug\rectangu.6988a645.tlog\system.drawıng.dll.metagen
c:\users\ademkose\desktop\rectangular gradient\rectangular gradient\rectangular gradient\debug\rectangu.6988a645.tlog\system.wındows.forms.dll.metagen
c:\users\ademkose\desktop\rectangular gradient\rectangular gradient\rectangular gradient\debug\rectangu.6988a645.tlog\system.xml.dll.metagen
c:\users\ademkose\desktop\rectangular gradient\rectangular gradient\rectangular gradient\debug\rectangu.6988a645.tlog\clr.dll.bi
c:\users\ademkose\desktop\rectangular gradient\rectangular gradient\rectangular gradient\debug\rectangu.6988a645.tlog\cluı.dll.bi
c:\users\ademkose\desktop\rectangular gradient\rectangular gradient\rectangular gradient\debug\rectangu.6988a645.tlog\mscorwks.dll.bi
c:\users\ademkose\desktop\rectangular gradient\rectangular gradient\rectangular gradient\debug\rectangu.6988a645.tlog\tzres.dll.bi
