Build started 30.11.2015 12:47:20.
     1>Project "D:\ysa\forluyedek\Rectangular Gradient\Rectangular Gradient\Rectangular Gradient.vcxproj" on node 2 (Build target(s)).
     1>ClCompile:
         C:\Program Files (x86)\Microsoft Visual Studio 12.0\VC\bin\CL.exe /c /AI"C:\Program Files (x86)\Reference Assemblies\Microsoft\Framework\.NETFramework\v4.0" /AI"C:\Program Files (x86)\Windows Kits\8.1\References\CommonConfiguration\Neutral" /Zi /clr:pure /nologo /W3 /WX- /Od /Oy- /D "WIN32" /D _DEBUG /D "_UNICODE" /D "UNICODE" /EHa /MDd /GS /fp:precise /Zc:wchar_t /Zc:forScope /Yu"stdafx.h" /Fp"Debug\Rectangular Gradient.pch" /Fo"Debug\\" /Fd"Debug\vc120.pdb" /TP /FU"C:\Program Files (x86)\Reference Assemblies\Microsoft\Framework\.NETFramework\v4.0\mscorlib.dll" /FU"C:\Program Files (x86)\Reference Assemblies\Microsoft\Framework\.NETFramework\v4.0\System.Data.dll" /FU"C:\Program Files (x86)\Reference Assemblies\Microsoft\Framework\.NETFramework\v4.0\System.dll" /FU"C:\Program Files (x86)\Reference Assemblies\Microsoft\Framework\.NETFramework\v4.0\System.Drawing.dll" /FU"C:\Program Files (x86)\Reference Assemblies\Microsoft\Framework\.NETFramework\v4.0\System.Windows.Forms.dll" /FU"C:\Program Files (x86)\Reference Assemblies\Microsoft\Framework\.NETFramework\v4.0\System.Xml.dll" /analyze- /errorReport:prompt /clr:nostdlib "Rectangular Gradient.cpp"
         Rectangular Gradient.cpp
     1>Rectangular Gradient.cpp(3): warning C4005: '__CLR_VER' : macro redefinition
                 command-line arguments :  see previous definition of '__CLR_VER'
     1>Rectangular Gradient.cpp(3): warning C4651: '/D__CLR_VER=40600106' specified for precompiled header but not for current compile
     1>d:\ysa\forluyedek\rectangular gradient\rectangular gradient\Form1.h(274): warning C4305: '=' : truncation from 'double' to 'float'
     1>d:\ysa\forluyedek\rectangular gradient\rectangular gradient\Form1.h(275): warning C4305: '=' : truncation from 'double' to 'float'
     1>d:\ysa\forluyedek\rectangular gradient\rectangular gradient\Form1.h(276): warning C4305: '=' : truncation from 'double' to 'float'
     1>d:\ysa\forluyedek\rectangular gradient\rectangular gradient\Form1.h(287): warning C4244: '=' : conversion from 'int' to 'float', possible loss of data
     1>d:\ysa\forluyedek\rectangular gradient\rectangular gradient\Form1.h(341): warning C4244: '=' : conversion from 'double' to 'float', possible loss of data
     1>d:\ysa\forluyedek\rectangular gradient\rectangular gradient\Form1.h(356): warning C4244: 'return' : conversion from 'float' to 'int', possible loss of data
     1>d:\ysa\forluyedek\rectangular gradient\rectangular gradient\Form1.h(401): warning C4244: '=' : conversion from 'int' to 'float', possible loss of data
     1>d:\ysa\forluyedek\rectangular gradient\rectangular gradient\Form1.h(402): warning C4244: '=' : conversion from 'int' to 'float', possible loss of data
     1>d:\ysa\forluyedek\rectangular gradient\rectangular gradient\Form1.h(403): warning C4244: '=' : conversion from 'int' to 'float', possible loss of data
     1>d:\ysa\forluyedek\rectangular gradient\rectangular gradient\Form1.h(406): warning C4244: '=' : conversion from 'int' to 'float', possible loss of data
     1>d:\ysa\forluyedek\rectangular gradient\rectangular gradient\Form1.h(407): warning C4244: '=' : conversion from 'int' to 'float', possible loss of data
     1>d:\ysa\forluyedek\rectangular gradient\rectangular gradient\Form1.h(418): warning C4244: '=' : conversion from 'int' to 'float', possible loss of data
     1>d:\ysa\forluyedek\rectangular gradient\rectangular gradient\Form1.h(419): warning C4244: '=' : conversion from 'int' to 'float', possible loss of data
     1>d:\ysa\forluyedek\rectangular gradient\rectangular gradient\Form1.h(420): warning C4244: '=' : conversion from 'int' to 'float', possible loss of data
     1>d:\ysa\forluyedek\rectangular gradient\rectangular gradient\Form1.h(423): warning C4244: '=' : conversion from 'int' to 'float', possible loss of data
     1>d:\ysa\forluyedek\rectangular gradient\rectangular gradient\Form1.h(424): warning C4244: '=' : conversion from 'int' to 'float', possible loss of data
     1>d:\ysa\forluyedek\rectangular gradient\rectangular gradient\Form1.h(483): warning C4244: 'argument' : conversion from 'float' to 'int', possible loss of data
     1>d:\ysa\forluyedek\rectangular gradient\rectangular gradient\Form1.h(484): warning C4244: 'argument' : conversion from 'float' to 'int', possible loss of data
     1>d:\ysa\forluyedek\rectangular gradient\rectangular gradient\Form1.h(486): warning C4244: 'argument' : conversion from 'float' to 'int', possible loss of data
     1>d:\ysa\forluyedek\rectangular gradient\rectangular gradient\Form1.h(487): warning C4244: 'argument' : conversion from 'float' to 'int', possible loss of data
       Link:
         C:\Program Files (x86)\Microsoft Visual Studio 12.0\VC\bin\link.exe /ERRORREPORT:PROMPT /OUT:"D:\ysa\forluyedek\Rectangular Gradient\Debug\Rectangular Gradient.exe" /INCREMENTAL /NOLOGO /ASSEMBLYRESOURCE:Debug\RectangularGradient.Form1.resources /MANIFEST /MANIFESTUAC:"level='asInvoker' uiAccess='false'" /manifest:embed /DEBUG /PDB:"D:\ysa\forluyedek\Rectangular Gradient\Debug\Rectangular Gradient.pdb" /ASSEMBLYDEBUG /SUBSYSTEM:WINDOWS /TLBID:1 /ENTRY:"main" /DYNAMICBASE /FIXED:NO /NXCOMPAT /MACHINE:X86 /SAFESEH Debug\app.res
         "Debug\AssemblyInfo.obj"
         "Debug\Rectangular Gradient.obj"
         Debug\stdafx.obj
         "Debug\.NETFramework,Version=v4.0.AssemblyAttributes.obj"
         Rectangular Gradient.vcxproj -> D:\ysa\forluyedek\Rectangular Gradient\Debug\Rectangular Gradient.exe
     1>Done Building Project "D:\ysa\forluyedek\Rectangular Gradient\Rectangular Gradient\Rectangular Gradient.vcxproj" (Build target(s)).

Build succeeded.

Time Elapsed 00:00:03.67
