c:\users\ademkose\desktop\rectangular gradıent\rectangular gradıent\rectangular gradıent\debug\rectangular gradıent.pch
c:\users\ademkose\desktop\rectangular gradıent\rectangular gradıent\rectangular gradıent\debug\vc120.pdb
c:\users\ademkose\desktop\rectangular gradıent\rectangular gradıent\rectangular gradıent\debug\stdafx.obj
c:\users\ademkose\desktop\rectangular gradıent\rectangular gradıent\rectangular gradıent\debug\rectangular gradıent.obj
c:\users\ademkose\desktop\rectangular gradıent\rectangular gradıent\rectangular gradıent\debug\assemblyınfo.obj
d:\ysa\forluyedek\rectangular gradıent\rectangular gradıent\debug\rectangular gradıent.pch
d:\ysa\forluyedek\rectangular gradıent\rectangular gradıent\debug\vc120.pdb
d:\ysa\forluyedek\rectangular gradıent\rectangular gradıent\debug\stdafx.obj
d:\ysa\forluyedek\rectangular gradıent\rectangular gradıent\debug\rectangular gradıent.obj
d:\ysa\forluyedek\rectangular gradıent\rectangular gradıent\debug\assemblyınfo.obj
d:\ysa\forluyedek\rectangular gradıent\rectangular gradıent\debug\.netframework,versıon=v4.0.assemblyattrıbutes.obj
d:\gıthub\ann\xor_back_propagatıon\rectangular gradıent\rectangular gradıent\debug\rectangular gradıent.pch
d:\gıthub\ann\xor_back_propagatıon\rectangular gradıent\rectangular gradıent\debug\vc120.pdb
d:\gıthub\ann\xor_back_propagatıon\rectangular gradıent\rectangular gradıent\debug\stdafx.obj
d:\gıthub\ann\xor_back_propagatıon\rectangular gradıent\rectangular gradıent\debug\rectangular gradıent.obj
d:\gıthub\ann\xor_back_propagatıon\rectangular gradıent\rectangular gradıent\debug\assemblyınfo.obj
c:\users\ademkose\desktop\rectangular gradıent\rectangular gradıent\debug\rectangular gradıent.exe
c:\users\ademkose\desktop\rectangular gradıent\rectangular gradıent\debug\rectangular gradıent.pdb
d:\ysa\forluyedek\rectangular gradıent\debug\rectangular gradıent.exe
d:\ysa\forluyedek\rectangular gradıent\debug\rectangular gradıent.pdb
c:\users\ademkose\desktop\rectangular gradıent\rectangular gradıent\rectangular gradıent\debug\rectangu.6988a645.tlog\metagen.wrıte.1.tlog
d:\ysa\forluyedek\rectangular gradıent\rectangular gradıent\debug\rectangu.6988a645.tlog\metagen.wrıte.1.tlog
d:\gıthub\ann\xor_back_propagatıon\rectangular gradıent\rectangular gradıent\debug\rectangu.6988a645.tlog\metagen.wrıte.1.tlog
c:\users\ademkose\desktop\rectangular gradıent\rectangular gradıent\rectangular gradıent\debug\app.res
d:\ysa\forluyedek\rectangular gradıent\rectangular gradıent\debug\app.res
d:\gıthub\ann\xor_back_propagatıon\rectangular gradıent\rectangular gradıent\debug\app.res
d:\ysa\forluyedek\rectangular gradient\rectangular gradient\debug\rectangulargradient.form1.resources
d:\github\ann\xor_back_propagation\rectangular gradient\rectangular gradient\debug\rectangulargradient.form1.resources
d:\github\ann\xor_back_propagation\rectangular gradient\rectangular gradient\debug\rectangular gradient.vcxproj.generateresource.cache
d:\github\ann\xor_back_propagation\rectangular gradient\rectangular gradient\debug\rectangular gradient.vcxprojresolveassemblyreference.cache
d:\github\ann\xor_back_propagation\rectangular gradient\rectangular gradient\debug\.netframework,version=v4.0.assemblyattributes.obj
d:\github\ann\xor_back_propagation\rectangular gradient\rectangular gradient\debug\assemblyınfo.obj
d:\github\ann\xor_back_propagation\rectangular gradient\rectangular gradient\debug\rectangular gradient.obj
d:\github\ann\xor_back_propagation\rectangular gradient\rectangular gradient\debug\stdafx.obj
d:\github\ann\xor_back_propagation\rectangular gradient\rectangular gradient\debug\app.res
d:\github\ann\xor_back_propagation\rectangular gradient\rectangular gradient\debug\rectangular gradient.pch
d:\github\ann\xor_back_propagation\rectangular gradient\rectangular gradient\debug\vc120.pdb
d:\github\ann\xor_back_propagation\rectangular gradient\debug\rectangular gradient.pdb
d:\github\ann\xor_back_propagation\rectangular gradient\rectangular gradient\debug\rectangu.6988a645.tlog\cl.command.1.tlog
d:\github\ann\xor_back_propagation\rectangular gradient\rectangular gradient\debug\rectangu.6988a645.tlog\cl.read.1.tlog
d:\github\ann\xor_back_propagation\rectangular gradient\rectangular gradient\debug\rectangu.6988a645.tlog\cl.write.1.tlog
d:\github\ann\xor_back_propagation\rectangular gradient\rectangular gradient\debug\rectangu.6988a645.tlog\link.command.1.tlog
d:\github\ann\xor_back_propagation\rectangular gradient\rectangular gradient\debug\rectangu.6988a645.tlog\link.read.1.tlog
d:\github\ann\xor_back_propagation\rectangular gradient\rectangular gradient\debug\rectangu.6988a645.tlog\link.write.1.tlog
d:\github\ann\xor_back_propagation\rectangular gradient\rectangular gradient\debug\rectangu.6988a645.tlog\metagen.read.1.tlog
d:\github\ann\xor_back_propagation\rectangular gradient\rectangular gradient\debug\rectangu.6988a645.tlog\metagen.write.1.tlog
d:\github\ann\xor_back_propagation\rectangular gradient\rectangular gradient\debug\rectangu.6988a645.tlog\rc.command.1.tlog
d:\github\ann\xor_back_propagation\rectangular gradient\rectangular gradient\debug\rectangu.6988a645.tlog\rc.read.1.tlog
d:\github\ann\xor_back_propagation\rectangular gradient\rectangular gradient\debug\rectangu.6988a645.tlog\rc.write.1.tlog
d:\github\ann\xor_back_propagation\rectangular gradient\rectangular gradient\debug\rectangu.6988a645.tlog\rectangular gradient.write.1u.tlog
d:\github\ann\xor_back_propagation\rectangular gradient\rectangular gradient\debug\rectangu.6988a645.tlog\mscorlıb.dll.metagen
d:\github\ann\xor_back_propagation\rectangular gradient\rectangular gradient\debug\rectangu.6988a645.tlog\system.data.dll.metagen
d:\github\ann\xor_back_propagation\rectangular gradient\rectangular gradient\debug\rectangu.6988a645.tlog\system.dll.metagen
d:\github\ann\xor_back_propagation\rectangular gradient\rectangular gradient\debug\rectangu.6988a645.tlog\system.drawıng.dll.metagen
d:\github\ann\xor_back_propagation\rectangular gradient\rectangular gradient\debug\rectangu.6988a645.tlog\system.wındows.forms.dll.metagen
d:\github\ann\xor_back_propagation\rectangular gradient\rectangular gradient\debug\rectangu.6988a645.tlog\system.xml.dll.metagen
d:\github\ann\xor_back_propagation\rectangular gradient\rectangular gradient\debug\rectangu.6988a645.tlog\clr.dll.bi
d:\github\ann\xor_back_propagation\rectangular gradient\rectangular gradient\debug\rectangu.6988a645.tlog\cluı.dll.bi
d:\github\ann\xor_back_propagation\rectangular gradient\rectangular gradient\debug\rectangu.6988a645.tlog\mscorwks.dll.bi
d:\github\ann\xor_back_propagation\rectangular gradient\rectangular gradient\debug\rectangu.6988a645.tlog\tzres.dll.bi
