Build started 30.11.2015 19:51:16.
     1>Project "D:\ysa\N_multiclass\Rectangular Gradient\Rectangular Gradient\Rectangular Gradient.vcxproj" on node 2 (Build target(s)).
     1>ClCompile:
         C:\Program Files (x86)\Microsoft Visual Studio 12.0\VC\bin\CL.exe /c /AI"C:\Program Files (x86)\Reference Assemblies\Microsoft\Framework\.NETFramework\v4.0" /AI"C:\Program Files (x86)\Windows Kits\8.1\References\CommonConfiguration\Neutral" /Zi /clr:pure /nologo /W3 /WX- /Od /Oy- /D "WIN32" /D _DEBUG /D "_UNICODE" /D "UNICODE" /EHa /MDd /GS /fp:precise /Zc:wchar_t /Zc:forScope /Yu"stdafx.h" /Fp"Debug\Rectangular Gradient.pch" /Fo"Debug\\" /Fd"Debug\vc120.pdb" /TP /FU"C:\Program Files (x86)\Reference Assemblies\Microsoft\Framework\.NETFramework\v4.0\mscorlib.dll" /FU"C:\Program Files (x86)\Reference Assemblies\Microsoft\Framework\.NETFramework\v4.0\System.Data.dll" /FU"C:\Program Files (x86)\Reference Assemblies\Microsoft\Framework\.NETFramework\v4.0\System.dll" /FU"C:\Program Files (x86)\Reference Assemblies\Microsoft\Framework\.NETFramework\v4.0\System.Drawing.dll" /FU"C:\Program Files (x86)\Reference Assemblies\Microsoft\Framework\.NETFramework\v4.0\System.Windows.Forms.dll" /FU"C:\Program Files (x86)\Reference Assemblies\Microsoft\Framework\.NETFramework\v4.0\System.Xml.dll" /analyze- /errorReport:prompt /clr:nostdlib "Rectangular Gradient.cpp"
         Rectangular Gradient.cpp
     1>d:\ysa\n_multiclass\rectangular gradient\rectangular gradient\Form1.h(288): warning C4305: '=' : truncation from 'double' to 'float'
     1>d:\ysa\n_multiclass\rectangular gradient\rectangular gradient\Form1.h(338): warning C4244: '=' : conversion from 'double' to 'float', possible loss of data
     1>d:\ysa\n_multiclass\rectangular gradient\rectangular gradient\Form1.h(378): warning C4244: '=' : conversion from 'int' to 'float', possible loss of data
     1>d:\ysa\n_multiclass\rectangular gradient\rectangular gradient\Form1.h(379): warning C4244: '=' : conversion from 'int' to 'float', possible loss of data
     1>d:\ysa\n_multiclass\rectangular gradient\rectangular gradient\Form1.h(380): warning C4244: '=' : conversion from 'int' to 'float', possible loss of data
     1>d:\ysa\n_multiclass\rectangular gradient\rectangular gradient\Form1.h(382): warning C4244: '=' : conversion from 'int' to 'float', possible loss of data
     1>d:\ysa\n_multiclass\rectangular gradient\rectangular gradient\Form1.h(383): warning C4244: '=' : conversion from 'int' to 'float', possible loss of data
     1>d:\ysa\n_multiclass\rectangular gradient\rectangular gradient\Form1.h(384): warning C4244: '=' : conversion from 'int' to 'float', possible loss of data
     1>d:\ysa\n_multiclass\rectangular gradient\rectangular gradient\Form1.h(431): warning C4244: 'argument' : conversion from 'float' to 'int', possible loss of data
     1>d:\ysa\n_multiclass\rectangular gradient\rectangular gradient\Form1.h(432): warning C4244: 'argument' : conversion from 'float' to 'int', possible loss of data
     1>d:\ysa\n_multiclass\rectangular gradient\rectangular gradient\Form1.h(434): warning C4244: 'argument' : conversion from 'float' to 'int', possible loss of data
     1>d:\ysa\n_multiclass\rectangular gradient\rectangular gradient\Form1.h(435): warning C4244: 'argument' : conversion from 'float' to 'int', possible loss of data
     1>d:\ysa\n_multiclass\rectangular gradient\rectangular gradient\Form1.h(440): warning C4244: 'argument' : conversion from 'float' to 'int', possible loss of data
     1>d:\ysa\n_multiclass\rectangular gradient\rectangular gradient\Form1.h(441): warning C4244: 'argument' : conversion from 'float' to 'int', possible loss of data
     1>d:\ysa\n_multiclass\rectangular gradient\rectangular gradient\Form1.h(446): warning C4244: 'argument' : conversion from 'float' to 'int', possible loss of data
     1>d:\ysa\n_multiclass\rectangular gradient\rectangular gradient\Form1.h(447): warning C4244: 'argument' : conversion from 'float' to 'int', possible loss of data
       Link:
         C:\Program Files (x86)\Microsoft Visual Studio 12.0\VC\bin\link.exe /ERRORREPORT:PROMPT /OUT:"D:\ysa\N_multiclass\Rectangular Gradient\Debug\Rectangular Gradient.exe" /INCREMENTAL /NOLOGO /ASSEMBLYRESOURCE:Debug\RectangularGradient.Form1.resources /MANIFEST /MANIFESTUAC:"level='asInvoker' uiAccess='false'" /manifest:embed /DEBUG /PDB:"D:\ysa\N_multiclass\Rectangular Gradient\Debug\Rectangular Gradient.pdb" /ASSEMBLYDEBUG /SUBSYSTEM:WINDOWS /TLBID:1 /ENTRY:"main" /DYNAMICBASE /FIXED:NO /NXCOMPAT /MACHINE:X86 /SAFESEH Debug\app.res
         "Debug\AssemblyInfo.obj"
         "Debug\Rectangular Gradient.obj"
         Debug\stdafx.obj
         "Debug\.NETFramework,Version=v4.0.AssemblyAttributes.obj"
         Rectangular Gradient.vcxproj -> D:\ysa\N_multiclass\Rectangular Gradient\Debug\Rectangular Gradient.exe
     1>Done Building Project "D:\ysa\N_multiclass\Rectangular Gradient\Rectangular Gradient\Rectangular Gradient.vcxproj" (Build target(s)).

Build succeeded.

Time Elapsed 00:00:07.84
